ff c3
0x0000000066984d27:   48 63 c8 48 8b c6 48 0f af cf 48 ff c7 48 2b c1
0x0000000066984d37:   89 28 48 63 c3 48 3b 05 65 8b 59 00 7e db 48 8b
0x0000000066984d47:   6c 24 30 48 8b 5c 24 38 48 8b 74 24 40 48 83 c4 


Register to memory mapping:

RAX=0x000000001b7660e0 is pointing into the stack for thread: 0x0000000019d24800
RBX=0x0000000000000007 is an unknown value
RCX=0x0000000000006000 is an unknown value
RDX=0x000000000000000c is an unknown value
RSP=0x000000001b76c0e0 is pointing into the stack for thread: 0x0000000019d24800
RBP=0x0000000000000000 is an unknown value
RSI=0x000000001b76c0e0 is pointing into the stack for thread: 0x0000000019d24800
RDI=0x0000000000000007 is an unknown value
R8 =0x000000000000000c is an unknown value
R9 =0x0000000019230e80 is an unknown value
R10={method} {0x00000000157e10d0} '<init>' '(Ljava/lang/String;)V' in 'java/io/IOException'
R11=0x000000001b67a158 is pointing into the stack for thread: 0x0000000019d24800
R12=0x0000000019230e80 is an unknown value
R13=0x0000000019d24800 is a thread
R14=0x000000001b76c1a8 is pointing into the stack for thread: 0x0000000019d24800
R15={method} {0x00000000157e10d0} '<init>' '(Ljava/lang/String;)V' in 'java/io/IOException'


Stack: [0x000000001b670000,0x000000001b770000],  sp=0x000000001b76c0e0,  free space=1008k
Native frames: (J=compiled Java code, j=interpreted, Vv=VM code, C=native code)

Java frames: (J=compiled Java code, j=interpreted, Vv=VM code)
j  java.io.FileOutputStream.writeBytes([BIIZ)V+0
j  java.io.FileOutputStream.write([BII)V+8
j  java.io.BufferedOutputStream.flushBuffer()V+20
j  java.io.BufferedOutputStream.flush()V+1
J 3567 C1 java.io.PrintStream.write([BII)V (69 bytes) @ 0x0000000002d06284 [0x0000000002d06140+0x144]
J 3559 C1 sun.nio.cs.StreamEncoder.writeBytes()V (132 bytes) @ 0x0000000002d0521c [0x0000000002d05120+0xfc]
J 3555 C1 sun.nio.cs.StreamEncoder.implFlushBuffer()V (15 bytes) @ 0x0000000002d04024 [0x0000000002d03fe0+0x44]
j  sun.nio.cs.StreamEncoder.flushBuffer()V+15
J 3565 C1 java.io.OutputStreamWriter.flushBuffer()V (8 bytes) @ 0x0000000002d05ddc [0x0000000002d05da0+0x3c]
j  java.io.PrintStream.write(Ljava/lang/String;)V+27
j  java.io.PrintStream.print(Ljava/lang/String;)V+9
j  java.io.PrintStream.println(Ljava/lang/Object;)V+11
j  java.lang.Throwable$WrappedPrintStream.println(Ljava/lang/Object;)V+5
j  java.lang.Throwable.printStackTrace(Ljava/lang/Throwable$PrintStreamOrWriter;)V+28
j  java.lang.Throwable.printStackTrace(Ljava/io/PrintStream;)V+9
j  java.lang.ThreadGroup.uncaughtException(Ljava/lang/Thread;Ljava/lang/Throwable;)V+82
j  java.lang.ThreadGroup.uncaughtException(Ljava/lang/Thread;Ljava/lang/Throwable;)V+13
j  java.lang.Thread.dispatchUncaughtException(Ljava/lang/Throwable;)V+6
v  ~StubRoutines::call_stub

---------------  P R O C E S S  ---------------

Java Threads: ( => current thread )
=>0x0000000019d24800 JavaThread "JMX server connection timeout 33" daemon [_thread_in_vm, id=5820, stack(0x000000001b670000,0x000000001b770000)]
  0x0000000019c29000 JavaThread "container-0" [_thread_blocked, id=4636, stack(0x000000001b050000,0x000000001b150000)]
  0x0000000019c28000 JavaThread "ContainerBackgroundProcessor[StandardEngine[Tomcat]]" daemon [_thread_blocked, id=6296, stack(0x0000000019df0000,0x0000000019ef0000)]
  0x0000000019b6a800 JavaThread "localhost-startStop-1" daemon [_thread_blocked, id=1104, stack(0x0000000018a00000,0x0000000018b00000)]
  0x0000000019b6a000 JavaThread "Tomcat-startStop-1" daemon [_thread_blocked, id=6008, stack(0x000000001a010000,0x000000001a110000)]
  0x00000000175b4800 JavaThread "RMI Scheduler(0)" daemon [_thread_blocked, id=1760, stack(0x0000000019ef0000,0x0000000019ff0000)]
  0x000000001738a800 JavaThread "RMI TCP Connection(1)-172.30.108.125" daemon [_thread_in_native, id=3180, stack(0x0000000018b10000,0x0000000018c10000)]
  0x00000000179fa000 JavaThread "RMI TCP Accept-0" daemon [_thread_in_native, id=4876, stack(0x00000000186c0000,0x00000000187c0000)]
  0x0000000017708800 JavaThread "Service Thread" daemon [_thread_blocked, id=6192, stack(0x00000000181c0000,0x00000000182c0000)]
  0x0000000017702800 JavaThread "C1 CompilerThread1" daemon [_thread_blocked, id=3248, stack(0x0000000017f50000,0x0000000018050000)]
  0x0000000017701800 JavaThread "C2 CompilerThread0" daemon [_thread_blocked, id=776, stack(0x0000000017e10000,0x0000000017f10000)]
  0x0000000017700000 JavaThread "Monitor Ctrl-Break" daemon [_thread_in_native, id=1264, stack(0x0000000016e50000,0x0000000016f50000)]
  0x0000000015d4d000 JavaThread "Attach Listener" daemon [_thread_blocked, id=5040, stack(0x0000000016fd0000,0x00000000170d0000)]
  0x0000000015d4b800 JavaThread "Signal Dispatcher" daemon [_thread_blocked, id=4196, stack(0x0000000016ce0000,0x0000000016de0000)]
  0x0000000015d27800 JavaThread "Finalizer" daemon [_thread_blocked, id=3736, stack(0x0000000016a40000,0x0000000016b40000)]
  0x0000000015d1e800 JavaThread "Reference Handler" daemon [_thread_blocked, id=5984, stack(0x00000000167b0000,0x00000000168b0000)]
  0x00000000020c9000 JavaThread "main" [_thread_in_native, id=2192, stack(0x00000000024b0000,0x00000000025b0000)]

Other Threads:
  0x0000000015cd6800 VMThread [stack: 0x0000000016900000,0x0000000016a00000] [id=2124]
  0x0000000017a05000 WatcherThread [stack: 0x00000000182f0000,0x00000000183f0000] [id=1252]

VM state:not at safepoint (normal execution)

VM Mutex/Monitor currently owned by a thread: None

Heap:
 PSYoungGen      total 102400K, used 2691K [0x00000000e0000000, 0x00000000e6800000, 0x0000000100000000)
  eden space 98304K, 2% used [0x00000000e0000000,0x00000000e02a0c70,0x00000000e6000000)
  from space 4096K, 0% used [0x00000000e6000000,0x00000000e6000000,0x00000000e6400000)
  to   space 4096K, 0% used [0x00000000e6400000,0x00000000e6400000,0x00000000e6800000)
 ParOldGen       total 53248K, used 28604K [0x00000000a0000000, 0x00000000a3400000, 0x00000000e0000000)
  object space 53248K, 53% used [0x00000000a0000000,0x00000000a1bef230,0x00000000a3400000)
 Metaspace       used 34809K, capacity 35284K, committed 35544K, reserved 1079296K
  class space    used 4607K, capacity 4745K, committed 4864K, reserved 1048576K

Card table byte_map: [0x0000000011970000,0x0000000011c80000] byte_map_base: 0x0000000011470000

Marking Bits: (ParMarkBitMap*) 0x0000000066f93e30
 Begin Bits: [0x00000000120a0000, 0x00000000138a0000)
 End Bits:   [0x00000000138a0000, 0x00000000150a0000)

Polling page: 0x0000000000280000

CodeCache: size=245760Kb used=7530Kb max_used=7530Kb free=238229Kb
 bounds [0x00000000025b0000, 0x0000000002d10000, 0x00000000115b0000]
 total_blobs=3962 nmethods=3513 adapters=360
 compilation: enabled

Compilation events (10 events):
Event: 6.215 Thread 0x0000000017702800 3570       1       java.util.TreeMap$Entry::<init> (25 bytes)
Event: 6.215 Thread 0x0000000017702800 nmethod 3570 0x0000000002d08290 code [0x0000000002d083e0, 0x0000000002d08530]
Event: 6.220 Thread 0x0000000017702800 3571       1       sun.util.calendar.CalendarDate::getYear (5 bytes)
Event: 6.220 Thread 0x0000000017702800 nmethod 3571 0x0000000002d08b50 code [0x0000000002d08ca0, 0x0000000002d08db0]
Event: 6.237 Thread 0x0000000017702800 3572       1       sun.security.provider.DigestBase::engineUpdate (189 bytes)
Event: 6.238 Thread 0x0000000017702800 nmethod 3572 0x0000000002d09250 code [0x0000000002d09400, 0x0000000002d09978]
Event: 6.470 Thread 0x0000000017702800 3573       1       java.io.ObjectStreamField::getField (5 bytes)
Event: 6.470 Thread 0x0000000017702800 nmethod 3573 0x0000000002d0b1d0 code [0x0000000002d0b320, 0x0000000002d0b430]
Event: 6.471 Thread 0x0000000017702800 3574       1       java.io.Bits::putLong (86 bytes)
Event: 6.471 Thread 0x0000000017702800 nmethod 3574 0x0000000002d0b490 code [0x0000000002d0b600, 0x0000000002d0b850]

GC Heap History (10 events):
Event: 4.756 GC heap before
{Heap before GC invocations=11 (full 1):
 PSYoungGen      total 102400K, used 102388K [0x00000000e0000000, 0x00000000e6800000, 0x0000000100000000)
  eden space 98304K, 100% used [0x00000000e0000000,0x00000000e6000000,0x00000000e6000000)
  from space 4096K, 99% used [0x00000000e6000000,0x00000000e63fd030,0x00000000e6400000)
  to   space 4096K, 0% used [0x00000000e6400000,0x00000000e6400000,0x00000000e6800000)
 ParOldGen       total 53248K, used 19306K [0x00000000a0000000, 0x00000000a3400000, 0x00000000e0000000)
  object space 53248K, 36% used [0x00000000a0000000,0x00000000a12daa50,0x00000000a3400000)
 Metaspace       used 26654K, capacity 27062K, committed 27264K, reserved 1073152K
  class space    used 3547K, capacity 3652K, committed 3712K, reserved 1048576K
Event: 4.770 GC heap after
Heap after GC invocations=11 (full 1):
 PSYoungGen      total 102400K, used 4084K [0x00000000e0000000, 0x00000000e6800000, 0x0000000100000000)
  eden space 98304K, 0% used [0x00000000e0000000,0x00000000e0000000,0x00000000e6000000)
  from space 4096K, 99% used [0x00000000e6400000,0x00000000e67fd030,0x00000000e6800000)
  to   space 4096K, 0% used [0x00000000e6000000,0x00000000e6000000,0x00000000e6400000)
 ParOldGen       total 53248K, used 23525K [0x00000000a0000000, 0x00000000a3400000, 0x00000000e0000000)
  object space 53248K, 44% used [0x00000000a0000000,0x00000000a16f9580,0x00000000a3400000)
 Metaspace       used 26654K, capacity 27062K, committed 27264K, reserved 1073152K
  class space    used 3547K, capacity 3652K, committed 3712K, reserved 1048576K
}
Event: 5.138 GC heap before
{Heap before GC invocations=12 (full 1):
 PSYoungGen      total 102400K, used 102384K [0x00000000e0000000, 0x00000000e6800000, 0x0000000100000000)
  eden space 98304K, 99% used [0x00000000e0000000,0x00000000e5fff030,0x00000000e6000000)
  from space 4096K, 99% used [0x00000000e6400000,0x00000000e67fd030,0x00000000e6800000)
  to   space 4096K, 0% used [0x00000000e6000000,0x00000000e6000000,0x00000000e6400000)
 ParOldGen       total 53248K, used 23525K [0x00000000a0000000, 0x00000000a3400000, 0x00000000e0000000)
  object space 53248K, 44% used [0x00000000a0000000,0x00000000a16f9580,0x00000000a3400000)
 Metaspace       used 28989K, capacity 29384K, committed 29568K, reserved 1075200K
  class space    used 3805K, capacity 3911K, committed 3968K, reserved 1048576K
Event: 5.150 GC heap after
Heap after GC invocations=12 (full 1):
 PSYoungGen      total 102400K, used 4068K [0x00000000e0000000, 0x00000000e6800000, 0x0000000100000000)
  eden space 98304K, 0% used [0x00000000e0000000,0x00000000e0000000,0x00000000e6000000)
  from space 4096K, 99% used [0x00000000e6000000,0x00000000e63f9040,0x00000000e6400000)
  to   space 4096K, 0% used [0x00000000e6400000,0x00000000e6400000,0x00000000e6800000)
 ParOldGen       total 53248K, used 27857K [0x00000000a0000000, 0x00000000a3400000, 0x00000000e0000000)
  object space 53248K, 52% used [0x00000000a0000000,0x00000000a1b34520,0x00000000a3400000)
 Metaspace       used 28989K, capacity 29384K, committed 29568K, reserved 1075200K
  class space    used 3805K, capacity 3911K, committed 3968K, reserved 1048576K
}
Event: 5.632 GC heap before
{Heap before GC invocations=13 (full 1):
 PSYoungGen      total 102400K, used 102372K [0x00000000e0000000, 0x00000000e6800000, 0x0000000100000000)
  eden space 98304K, 100% used [0x00000000e0000000,0x00000000e6000000,0x00000000e6000000)
  from space 4096K, 99% used [0x00000000e6000000,0x00000000e63f9040,0x00000000e6400000)
  to   space 4096K, 0% used [0x00000000e6400000,0x00000000e6400000,0x00000000e6800000)
 ParOldGen       total 53248K, used 27857K [0x00000000a0000000, 0x00000000a3400000, 0x00000000e0000000)
  object space 53248K, 52% used [0x00000000a0000000,0x00000000a1b34520,0x00000000a3400000)
 Metaspace       used 29982K, capacity 30382K, committed 30464K, reserved 1075200K
  class space    used 3952K, capacity 4072K, committed 4096K, reserved 1048576K
Event: 5.642 GC heap after
Heap after GC invocations=13 (full 1):
 PSYoungGen      total 102400K, used 4087K [0x00000000e0000000, 0x00000000e6800000, 0x0000000100000000)
  eden space 98304K, 0% used [0x00000000e0000000,0x00000000e0000000,0x00000000e6000000)
  from space 4096K, 99% used [0x00000000e6400000,0x00000000e67fde58,0x00000000e6800000)
  to   space 4096K, 0% used [0x00000000e6000000,0x00000000e6000000,0x00000000e6400000)
 ParOldGen       total 53248K, used 31193K [0x00000000a0000000, 0x00000000a3400000, 0x00000000e0000000)
  object space 53248K, 58% used [0x00000000a0000000,0x00000000a1e76660,0x00000000a3400000)
 Metaspace       used 29982K, capacity 30382K, committed 30464K, reserved 1075200K
  class space    used 3952K, capacity 4072K, committed 4096K, reserved 1048576K
}
Event: 6.317 GC heap before
{Heap before GC invocations=14 (full 1):
 PSYoungGen      total 102400K, used 85279K [0x00000000e0000000, 0x00000000e6800000, 0x0000000100000000)
  eden space 98304K, 82% used [0x00000000e0000000,0x00000000e4f49f00,0x00000000e6000000)
  from space 4096K, 99% used [0x00000000e6400000,0x00000000e67fde58,0x00000000e6800000)
  to   space 4096K, 0% used [0x00000000e6000000,0x00000000e6000000,0x00000000e6400000)
 ParOldGen       total 53248K, used 31193K [0x00000000a0000000, 0x00000000a3400000, 0x00000000e0000000)
  object space 53248K, 58% used [0x00000000a0000000,0x00000000a1e76660,0x00000000a3400000)
 Metaspace       used 34749K, capacity 35188K, committed 35416K, reserved 1079296K
  class space    used 4602K, capacity 4713K, committed 4736K, reserved 1048576K
Event: 6.328 GC heap after
Heap after GC invocations=14 (full 1):
 PSYoungGen      total 102400K, used 4065K [0x00000000e0000000, 0x00000000e6800000, 0x0000000100000000)
  eden space 98304K, 0% used [0x00000000e0000000,0x00000000e0000000,0x00000000e6000000)
  from space 4096K, 99% used [0x00000000e6000000,0x00000000e63f85e0,0x00000000e6400000)
  to   space 4096K, 0% used [0x00000000e6400000,0x00000000e6400000,0x00000000e6800000)
 ParOldGen       total 53248K, used 36111K [0x00000000a0000000, 0x00000000a3400000, 0x00000000e0000000)
  object space 53248K, 67% used [0x00000000a0000000,0x00000000a2343d88,0x00000000a3400000)
 Metaspace       used 34749K, capacity 35188K, committed 35416K, reserved 1079296K
  class space    used 4602K, capacity 4713K, committed 4736K, reserved 1048576K
}
Event: 6.328 GC heap before
{Heap before GC invocations=15 (full 2):
 PSYoungGen      total 102400K, used 4065K [0x00000000e0000000, 0x00000000e6800000, 0x0000000100000000)
  eden space 98304K, 0% used [0x00000000e0000000,0x00000000e0000000,0x00000000e6000000)
  from space 4096K, 99% used [0x00000000e6000000,0x00000000e63f85e0,0x00000000e6400000)
  to   space 4096K, 0% used [0x00000000e6400000,0x00000000e6400000,0x00000000e6800000)
 ParOldGen       total 53248K, used 36111K [0x00000000a0000000, 0x00000000a3400000, 0x00000000e0000000)
  object space 53248K, 67% used [0x00000000a0000000,0x00000000a2343d88,0x00000000a3400000)
 Metaspace       used 34749K, capacity 35188K, committed 35416K, reserved 1079296K
  class space    used 4602K, capacity 4713K, committed 4736K, reserved 1048576K
Event: 6.463 GC heap after
Heap after GC invocations=15 (full 2):
 PSYoungGen      total 102400K, used 0K [0x00000000e0000000, 0x00000000e6800000, 0x0000000100000000)
  eden space 98304K, 0% used [0x00000000e0000000,0x00000000e0000000,0x00000000e6000000)
  from space 4096K, 0% used [0x00000000e6000000,0x00000000e6000000,0x00000000e6400000)
  to   space 4096K, 0% used [0x00000000e6400000,0x00000000e6400000,0x00000000e6800000)
 ParOldGen       total 53248K, used 28604K [0x00000000a0000000, 0x00000000a3400000, 0x00000000e0000000)
  object space 53248K, 53% used [0x00000000a0000000,0x00000000a1bef230,0x00000000a3400000)
 Metaspace       used 34749K, capacity 35188K, committed 35416K, reserved 1079296K
  class space    used 4602K, capacity 4713K, committed 4736K, reserved 1048576K
}

Deoptimization events (0 events):
No events

Classes redefined (0 events):
No events

Internal exceptions (10 events):
Event: 5.751 Thread 0x00000000020c9000 Exception <a 'java/lang/ClassNotFoundException': org/springframework/beans/factory/BeanFactoryAwareCustomizer> (0x00000000e0f94a98) thrown at [C:\re\workspace\8-2-build-windows-amd64-cygwin\jdk8u191\11896\hotspot\src\share\vm\classfile\systemDictionary.cp
Event: 5.751 Thread 0x00000000020c9000 Exception <a 'java/lang/ClassNotFoundException': org/springframework/beans/factory/BeanNameAwareCustomizer> (0x00000000e0fbb428) thrown at [C:\re\workspace\8-2-build-windows-amd64-cygwin\jdk8u191\11896\hotspot\src\share\vm\classfile\systemDictionary.cpp, 
Event: 5.752 Thread 0x00000000020c9000 Exception <a 'java/lang/ClassNotFoundException': org/springframework/beans/factory/InitializingBeanCustomizer> (0x00000000e0fe3628) thrown at [C:\re\workspace\8-2-build-windows-amd64-cygwin\jdk8u191\11896\hotspot\src\share\vm\classfile\systemDictionary.cp
Event: 5.752 Thread 0x00000000020c9000 Exception <a 'java/lang/ClassNotFoundException': org/springframework/beans/factory/DisposableBeanCustomizer> (0x00000000e10092b8) thrown at [C:\re\workspace\8-2-build-windows-amd64-cygwin\jdk8u191\11896\hotspot\src\share\vm\classfile\systemDictionary.cpp,
Event: 5.752 Thread 0x00000000020c9000 Exception <a 'java/lang/ClassNotFoundException': org/springframework/orm/jpa/EntityManagerFactoryInfoCustomizer> (0x00000000e1031550) thrown at [C:\re\workspace\8-2-build-windows-amd64-cygwin\jdk8u191\11896\hotspot\src\share\vm\classfile\systemDictionary.
Event: 5.752 Thread 0x00000000020c9000 Exception <a 'java/lang/ArrayIndexOutOfBoundsException'> (0x00000000e1035170) thrown at [C:\re\workspace\8-2-build-windows-amd64-cygwin\jdk8u191\11896\hotspot\src\share\vm\runtime\sharedRuntime.cpp, line 605]
Event: 5.753 Thread 0x00000000020c9000 Exception <a 'java/lang/ClassNotFoundException': org/springframework/dao/support/PersistenceExceptionTranslatorCustomizer> (0x00000000e1068228) thrown at [C:\re\workspace\8-2-build-windows-amd64-cygwin\jdk8u191\11896\hotspot\src\share\vm\classfile\systemD
Event: 5.753 Thread 0x00000000020c9000 Exception <a 'java/lang/ClassNotFoundException': java/io/SerializableCustomizer> (0x00000000e1075570) thrown at [C:\re\workspace\8-2-build-windows-amd64-cygwin\jdk8u191\11896\hotspot\src\share\vm\classfile\systemDictionary.cpp, line 210]
Event: 5.910 Thread 0x000000001738a800 Exception <a 'java/lang/reflect/InvocationTargetException'> (0x00000000e21f21c0) thrown at [C:\re\workspace\8-2-build-windows-amd64-cygwin\jdk8u191\11896\hotspot\src\share\vm\runtime\reflection.cpp, line 1092]
Event: 6.469 Thread 0x0000000019d24800 Exception <a 'java/lang/StackOverflowError'> (0x00000000e0221510) thrown at [C:\re\workspace\8-2-build-windows-amd64-cygwin\jdk8u191\11896\hotspot\src\share\vm\interpreter\interpreterRuntime.cpp, line 323]

Events (10 events):
Event: 6.469 Executing VM operation: RevokeBias
Event: 6.469 Executing VM operation: RevokeBias done
Event: 6.470 loading class org/hibernate/internal/CoreMessageLogger_$logger_en_US
Event: 6.470 loading class org/hibernate/internal/CoreMessageLogger_$logger_en_US done
Event: 6.470 loading class org/hibernate/internal/CoreMessageLogger_$logger_en
Event: 6.470 loading class org/hibernate/internal/CoreMessageLogger_$logger_en done
Event: 6.471 loading class org/hibernate/annotations/Entity
Event: 6.471 loading class org/hibernate/annotations/Entity done
Event: 6.472 loading class org/hibernate/cfg/annotations/EntityBinder
Event: 6.472 loading class org/hibernate/cfg/annotations/EntityBinder done


Dynamic libraries:
0x000000013fb10000 - 0x000000013fb47000 	C:\Program Files\Java\jdk1.8.0_191\bin\java.exe
0x0000000077060000 - 0x00000000771ff000 	C:\Windows\SYSTEM32\ntdll.dll
0x0000000076f40000 - 0x000000007705f000 	C:\Windows\system32\kernel32.dll
0x000007fefce20000 - 0x000007fefce8a000 	C:\Windows\system32\KERNELBASE.dll
0x000007fefddf0000 - 0x000007fefdecb000 	C:\Windows\system32\ADVAPI32.dll
0x000007fefd8a0000 - 0x000007fefd93f000 	C:\Windows\system32\msvcrt.dll
0x000007fefe000000 - 0x000007fefe01f000 	C:\Windows\SYSTEM32\sechost.dll
0x000007fefded0000 - 0x000007fefdffd000 	C:\Windows\system32\RPCRT4.dll
0x0000000076e40000 - 0x0000000076f3a000 	C:\Windows\system32\USER32.dll
0x000007fefd170000 - 0x000007fefd1d7000 	C:\Windows\system32\GDI32.dll
0x000007fefe0b0000 - 0x000007fefe0be000 	C:\Windows\system32\LPK.dll
0x000007fefdd20000 - 0x000007fefddeb000 	C:\Windows\system32\USP10.dll
0x000007fefaaf0000 - 0x000007feface4000 	C:\Windows\WinSxS\amd64_microsoft.windows.common-controls_6595b64144ccf1df_6.0.7601.18837_none_fa3b1e3d17594757\COMCTL32.dll
0x000007fefd280000 - 0x000007fefd2f1000 	C:\Windows\system32\SHLWAPI.dll
0x000007fefe020000 - 0x000007fefe04e000 	C:\Windows\system32\IMM32.DLL
0x000007fefd790000 - 0x000007fefd899000 	C:\Windows\system32\MSCTF.dll
0x000007fefcab0000 - 0x000007fefcb0d000 	C:\Program Files\Citrix\System32\MfApHook64.dll
0x000007fefc9c0000 - 0x000007fefc9f2000 	C:\Program Files\Citrix\ICAService\picaFullScreenHookX64.dll
0x000007fefc530000 - 0x000007fefc57e000 	C:\Program Files\Citrix\ICAService\ShellHook64.dll
0x000007fefe160000 - 0x000007fefeeea000 	C:\Windows\system32\SHELL32.dll
0x000007fefc3b0000 - 0x000007fefc52c000 	C:\Program Files\Citrix\ICAService\SCardHook64.dll
0x000007fefbfb0000 - 0x000007fefbfda000 	C:\Program Files\Citrix\ICAService\cxinjime64.dll
0x000007fefbef0000 - 0x000007fefbf38000 	C:\Program Files\Citrix\ICAService\PicaWtsHook64.dll
0x000000006b9a0000 - 0x000000006ba72000 	C:\Program Files\Java\jdk1.8.0_191\jre\bin\msvcr100.dll
0x0000000066770000 - 0x0000000067014000 	C:\Program Files\Java\jdk1.8.0_191\jre\bin\server\jvm.dll
0x000007fef0d20000 - 0x000007fef0d29000 	C:\Windows\system32\WSOCK32.dll
0x000007fefd390000 - 0x000007fefd3dd000 	C:\Windows\system32\WS2_32.dll
0x000007fefd300000 - 0x000007fefd308000 	C:\Windows\system32\NSI.dll
0x000007fefa1a0000 - 0x000007fefa1db000 	C:\Windows\system32\WINMM.dll
0x000007fefca00000 - 0x000007fefca0c000 	C:\Windows\system32\VERSION.dll
0x0000000077210000 - 0x0000000077217000 	C:\Windows\system32\PSAPI.DLL
0x000000006c3a0000 - 0x000000006c3af000 	C:\Program Files\Java\jdk1.8.0_191\jre\bin\verify.dll
0x000000006c1c0000 - 0x000000006c1e9000 	C:\Program Files\Java\jdk1.8.0_191\jre\bin\java.dll
0x000000006bf60000 - 0x000000006bf83000 	C:\Program Files\Java\jdk1.8.0_191\jre\bin\instrument.dll
0x000000006c380000 - 0x000000006c396000 	C:\Program Files\Java\jdk1.8.0_191\jre\bin\zip.dll
0x000007fefd940000 - 0x000007fefdb3d000 	C:\Windows\system32\ole32.dll
0x000007fefcc00000 - 0x000007fefcc0f000 	C:\Windows\system32\profapi.dll
0x000007fee4330000 - 0x000007fee434a000 	C:\Program Files\JetBrains\IntelliJ IDEA 2018.2.5\bin\breakgen64.dll
0x000000006bf40000 - 0x000000006bf5a000 	C:\Program Files\Java\jdk1.8.0_191\jre\bin\net.dll
0x000007fefb960000 - 0x000007fefb9b5000 	C:\Windows\system32\mswsock.dll
0x000007fefb950000 - 0x000007fefb957000 	C:\Windows\System32\wship6.dll
0x000007fefb340000 - 0x000007fefb347000 	C:\Windows\System32\wshtcpip.dll
0x000007fefb7e0000 - 0x000007fefb83b000 	C:\Windows\system32\DNSAPI.dll
0x000007fefaa00000 - 0x000007fefaa27000 	C:\Windows\system32\IPHLPAPI.DLL
0x000007fefa940000 - 0x000007fefa94b000 	C:\Windows\system32\WINNSI.DLL
0x000007fef7ed0000 - 0x000007fef7ed8000 	C:\Windows\system32\rasadhlp.dll
0x000007fef85c0000 - 0x000007fef8613000 	C:\Windows\System32\fwpuclnt.dll
0x000000006c3d0000 - 0x000000006c3dd000 	C:\Program Files\Java\jdk1.8.0_191\jre\bin\management.dll
0x000000006bf20000 - 0x000000006bf31000 	C:\Program Files\Java\jdk1.8.0_191\jre\bin\nio.dll
0x000007fefb9c0000 - 0x000007fefb9d8000 	C:\Windows\system32\CRYPTSP.dll
0x000007fefb6c0000 - 0x000007fefb707000 	C:\Windows\system32\rsaenh.dll
0x000007fefcf90000 - 0x000007fefcfae000 	C:\Windows\system32\USERENV.dll
0x000007fefc180000 - 0x000007fefc18f000 	C:\Windows\system32\CRYPTBASE.dll
0x000007fef8560000 - 0x000007fef8571000 	C:\Windows\system32\dhcpcsvc6.DLL
0x000007fef8540000 - 0x000007fef8558000 	C:\Windows\system32\dhcpcsvc.DLL
0x000007fef8d40000 - 0x000007fef8d55000 	C:\Windows\system32\NLAapi.dll
0x000007fef1e10000 - 0x000007fef1e25000 	C:\Windows\system32\napinsp.dll
0x000007fef1df0000 - 0x000007fef1e09000 	C:\Windows\system32\pnrpnsp.dll
0x000007fef1de0000 - 0x000007fef1deb000 	C:\Windows\System32\winrnr.dll

VM Arguments:
jvm_args: -XX:TieredStopAtLevel=1 -Xverify:none -Dspring.output.ansi.enabled=always -Dcom.sun.management.jmxremote -Dspring.liveBeansView.mbeanDomain -Dspring.application.admin.enabled=true -javaagent:C:\Program Files\JetBrains\IntelliJ IDEA 2018.2.5\lib\idea_rt.jar=61326:C:\Program Files\JetBrains\IntelliJ IDEA 2018.2.5\bin -Dfile.encoding=UTF-8 
java_command: com.luxoft.training.spring.cloud.AccountService
java_class_path (initial): C:\Program Files\Java\jdk1.8.0_191\jre\lib\charsets.jar;C:\Program Files\Java\jdk1.8.0_191\jre\lib\deploy.jar;C:\Program Files\Java\jdk1.8.0_191\jre\lib\ext\access-bridge-64.jar;C:\Program Files\Java\jdk1.8.0_191\jre\lib\ext\cldrdata.jar;C:\Program Files\Java\jdk1.8.0_191\jre\lib\ext\dnsns.jar;C:\Program Files\Java\jdk1.8.0_191\jre\lib\ext\jaccess.jar;C:\Program Files\Java\jdk1.8.0_191\jre\lib\ext\jfxrt.jar;C:\Program Files\Java\jdk1.8.0_191\jre\lib\ext\localedata.jar;C:\Program Files\Java\jdk1.8.0_191\jre\lib\ext\nashorn.jar;C:\Program Files\Java\jdk1.8.0_191\jre\lib\ext\sunec.jar;C:\Program Files\Java\jdk1.8.0_191\jre\lib\ext\sunjce_provider.jar;C:\Program Files\Java\jdk1.8.0_191\jre\lib\ext\sunmscapi.jar;C:\Program Files\Java\jdk1.8.0_191\jre\lib\ext\sunpkcs11.jar;C:\Program Files\Java\jdk1.8.0_191\jre\lib\ext\zipfs.jar;C:\Program Files\Java\jdk1.8.0_191\jre\lib\javaws.jar;C:\Program Files\Java\jdk1.8.0_191\jre\lib\jce.jar;C:\Program Files\Java\jdk1.8.0_191\jre\lib\jfr.jar;C:\Program Files\Java\jdk1.8.0_191\jre\lib\jfxswt.jar;C:\Program Files\Java\jdk1.8.0_191\jre\lib\jsse.jar;C:\Program Files\Java\jdk1.8.0_191\jre\lib\management-agent.jar;C:\Program Files\Java\jdk1.8.0_191\jre\lib\plugin.jar;C:\Program Files\Java\jdk1.8.0_191\jre\lib\resources.jar;C:\Program Files\Java\jdk1.8.0_191\jre\lib\rt.jar;C:\Users\st11242\Desktop\JVA-043\Labs\Eureka\AccountService\target\classes;C:\Users\st11242\.m2\repository\org\springframework\cloud\spring-cloud-starter-eureka-server\1.2.3.RELEASE\spring-cloud-starter-eureka-server-1.2.3.RELEASE.jar;C:\Users\st11242\.m2\repository\org\springframework\cloud\spring-cloud-starter\1.1.6.RELEASE\spring-cloud-starter-1.1.6.RELEASE.jar;C:\Users\st11242\.m2\repository\org\springframework\cloud\spring-cloud-context\1.1.6.RELEASE\spring-cloud-context-1.1.6.RELEASE.jar;C:\Users\st11242\.m2\repository\org\springframework\security\spring-security-crypto\4.1.3.RELEASE\spring-security-crypto-4.1.3.RELEASE.jar;C:\Users\st
Launcher Type: SUN_STANDARD

Environment Variables:
JAVA_HOME=C:\Program Files\Java\jdk1.8.0_191
PATH=C:\Windows\system32;C:\Windows;C:\Windows\System32\Wbem;C:\Windows\System32\WindowsPowerShell\v1.0\;C:\Program Files\Citrix\System32\;C:\Program Files\Citrix\ICAService\;C:\Program Files\Citrix\Virtual Desktop Agent\;C:\Python27\;C:\Python27\Scripts;C:\ProgramData\Boxstarter;C:\Program Files (x86)\Common Files\Oracle\Java\javapath;C:\Windows\system32;C:\Windows;C:\Windows\System32\Wbem;C:\Windows\System32\WindowsPowerShell\v1.0\;C:\Program Files\Git\cmd;C:\PostgreSQL\pg11\bin;C:\Program Files\nodejs\;C:\ProgramData\chocolatey\bin;C:\Program Files\Java\jdk1.8.0_191\bin;C:\Maven\bin
USERNAME=st11242
OS=Windows_NT
PROCESSOR_IDENTIFIER=Intel64 Family 6 Model 58 Stepping 0, GenuineIntel



---------------  S Y S T E M  ---------------

OS: Windows 7 , 64 bit Build 7601 (6.1.7601.24231)

CPU:total 2 (initial active 2) (2 cores per cpu, 1 threads per core) family 6 model 58 stepping 0, cmov, cx8, fxsr, mmx, sse, sse2, sse3, ssse3, sse4.1, sse4.2, popcnt, avx, aes, clmul, erms, tsc, tscinvbit, tscinv

Memory: 4k page, physical 6291000k(845460k free), swap 6289104k(5084k free)

vm_info: Java HotSpot(TM) 64-Bit Server VM (25.191-b12) for windows-amd64 JRE (1.8.0_191-b12), built on Oct  6 2018 09:29:03 by "java_re" with MS VC++ 10.0 (VS2010)

time: Tue May 21 15:17:24 2019
elapsed time: 6 seconds (0d 0h 0m 6s)

